"../../../Engine/Content/EditorBlueprintResources/StandardMacros.uasset" 0
"../../../../../ProjectGame/Content/GameContent/Characters/MoveToRandomLocation.uasset" 1
"../../../../../ProjectGame/Content/GameContent/Characters/NPC.uasset" 2
"../../../Engine/Content/BasicShapes/BasicShapeMaterial.uasset" 3
"../../../Engine/Content/Functions/Engine_MaterialFunctions01/Opacity/CameraDepthFade.uasset" 4
"../../../Engine/Content/EngineMaterials/T_Default_Material_Grid_M.uasset" 5
"../../../Engine/Content/EngineMaterials/T_Default_Material_Grid_N.uasset" 6
"../../../Engine/Content/EngineMaterials/DefaultMaterial.uasset" 7
"../../../Engine/Content/BasicShapes/Cylinder.uasset" 8
"../../../../../ProjectGame/Content/GameContent/Widget/Warning.uasset" 9
"../../../../../ProjectGame/Content/GameContent/Widget/WhiteFlash_Widget.uasset" 10
"../../../../../ProjectGame/Content/GameContent/Characters/AiCharacter.uasset" 11
"../../../../../ProjectGame/Content/GameContent/Characters/BPCommunication.uasset" 12
"../../../../../ProjectGame/Content/GameContent/Widget/Eye_CloseWidget.uasset" 13
"../../../../../ProjectGame/Content/GameContent/Textures/Eye.uasset" 14
"../../../../../ProjectGame/Content/GameContent/Widget/Warning_EyeWidget.uasset" 15
"../../../../../ProjectGame/Content/GameContent/Characters/FirstPersonCharacter.uasset" 16
"../../../../../ProjectGame/Content/GameContent/Characters/TriggerBox.uasset" 17
"../../../../../ProjectGame/Content/GameContent/Materials/Material.uasset" 18
"../../../../../ProjectGame/Content/GameContent/Materials/Pixcel.uasset" 19
"../../../../../ProjectGame/Content/GameContent/Materials/Pixcel_Inst.uasset" 20
"../../../../../ProjectGame/Content/GameContent/Materials/RedEmmesive.uasset" 21
"../../../../../ProjectGame/Content/GameContent/Materials/WhiteEmmesive.uasset" 22
"../../../../../ProjectGame/Content/GameContent/Props/Bleck_S.uasset" 23
"../../../../../ProjectGame/Content/GameContent/Props/Bots.uasset" 24
"../../../../../ProjectGame/Content/GameContent/Props/BoxWallMat.uasset" 25
"../../../../../ProjectGame/Content/GameContent/Props/Box_FlorMat.uasset" 26
"../../../../../ProjectGame/Content/GameContent/Props/C1.uasset" 27
"../../../../../ProjectGame/Content/GameContent/Props/C2.uasset" 28
"../../../../../ProjectGame/Content/GameContent/Props/Camera1.uasset" 29
"../../../../../ProjectGame/Content/GameContent/Props/CRP.uasset" 30
"../../../../../ProjectGame/Content/GameContent/Props/DoorframeMat.uasset" 31
"../../../../../ProjectGame/Content/GameContent/Props/F.uasset" 32
"../../../../../ProjectGame/Content/GameContent/Props/GlassFrameMat.uasset" 33
"../../../../../ProjectGame/Content/GameContent/Props/GlassFrameMat2.uasset" 34
"../../../../../ProjectGame/Content/GameContent/Props/Light.uasset" 35
"../../../../../ProjectGame/Content/GameContent/Props/Plastic_Black.uasset" 36
"../../../../../ProjectGame/Content/GameContent/Props/Rust.uasset" 37
"../../../../../ProjectGame/Content/GameContent/Props/Screen.uasset" 38
"../../../../../ProjectGame/Content/GameContent/Props/Rust_mat.uasset" 39
"../../../../../ProjectGame/Content/GameContent/Props/5a54b5fa0be3e160dae6d8c1.uasset" 40
"../../../../../ProjectGame/Content/GameContent/Props/SetkaMat.uasset" 41
"../../../../../ProjectGame/Content/GameContent/Props/Setka.uasset" 42
"../../../../../ProjectGame/Content/GameContent/Props/Spase_grey.uasset" 43
"../../../../../ProjectGame/Content/GameContent/Props/Stel.uasset" 44
"../../../../../ProjectGame/Content/GameContent/Textures/BloodWhite.uasset" 45
"../../../../../ProjectGame/Content/GameContent/Textures/CameraNumber.uasset" 46
"../../../../../ProjectGame/Content/GameContent/Textures/IYRBewnvpa4.uasset" 47
"../../../../../ProjectGame/Content/GameContent/Widget/NewWidgetBlueprint.uasset" 48
"../../../../../ProjectGame/Content/StarterContent/Materials/M_Basic_Wall.uasset" 49
"../../../../../ProjectGame/Content/StarterContent/Architecture/Pillar_50x500.uasset" 50
"../../../../../ProjectGame/Content/StarterContent/Architecture/Wall_400x400.uasset" 51
"../../../../../ProjectGame/Content/StarterContent/Architecture/Wall_500x500.uasset" 52
"../../../../../ProjectGame/Content/StarterContent/Architecture/Wall_Door_400x400.uasset" 53
"../../../../../ProjectGame/Content/StarterContent/Architecture/Wall_Window_400x400.uasset" 54
"../../../../../ProjectGame/Content/StarterContent/Audio/Collapse01.uasset" 55
"../../../../../ProjectGame/Content/StarterContent/Audio/Collapse02.uasset" 56
"../../../../../ProjectGame/Content/StarterContent/Audio/Explosion01.uasset" 57
"../../../../../ProjectGame/Content/StarterContent/Audio/Explosion02.uasset" 58
"../../../../../ProjectGame/Content/StarterContent/Audio/Fire01.uasset" 59
"../../../../../ProjectGame/Content/StarterContent/Audio/Fire_Sparks01.uasset" 60
"../../../../../ProjectGame/Content/StarterContent/Audio/Light01.uasset" 61
"../../../../../ProjectGame/Content/StarterContent/Audio/Light01_Cue.uasset" 62
"../../../../../ProjectGame/Content/StarterContent/Audio/Light02.uasset" 63
"../../../../../ProjectGame/Content/StarterContent/Audio/Light02_Cue.uasset" 64
"../../../../../ProjectGame/Content/StarterContent/Audio/Smoke01.uasset" 65
"../../../../../ProjectGame/Content/StarterContent/Audio/Starter_Birds01.uasset" 66
"../../../../../ProjectGame/Content/StarterContent/Audio/Starter_Music01.uasset" 67
"../../../../../ProjectGame/Content/StarterContent/Audio/Starter_Wind05.uasset" 68
"../../../../../ProjectGame/Content/StarterContent/Audio/Starter_Wind06.uasset" 69
"../../../../../ProjectGame/Content/StarterContent/Audio/Steam01.uasset" 70
"../../../../../ProjectGame/Content/StarterContent/Audio/Explosion_Cue.uasset" 71
"../../../../../ProjectGame/Content/StarterContent/Textures/T_Burst_M.uasset" 72
"../../../../../ProjectGame/Content/StarterContent/Particles/Materials/M_Burst.uasset" 73
"../../../../../ProjectGame/Content/StarterContent/Textures/T_Explosion_SubUV.uasset" 74
"../../../../../ProjectGame/Content/StarterContent/Particles/Materials/M_explosion_subUV.uasset" 75
"../../../../../ProjectGame/Content/StarterContent/Particles/Materials/m_flare_01.uasset" 76
"../../../Engine/Content/Functions/Engine_MaterialFunctions01/Gradient/RadialGradient.uasset" 77
"../../../../../ProjectGame/Content/StarterContent/Particles/Materials/M_radial_ramp.uasset" 78
"../../../../../ProjectGame/Content/StarterContent/Textures/T_Smoke_SubUV.uasset" 79
"../../../../../ProjectGame/Content/StarterContent/Textures/T_Smoke_Tiled_D.uasset" 80
"../../../../../ProjectGame/Content/StarterContent/Particles/Materials/M_smoke_subUV.uasset" 81
"../../../../../ProjectGame/Content/StarterContent/Particles/P_Explosion.uasset" 82
"../../../../../ProjectGame/Content/StarterContent/Blueprints/Blueprint_Effect_Explosion.uasset" 83
"../../../Engine/Content/EditorMeshes/ColorCalibrator/T_ColorGrid.uasset" 84
"../../../../../ProjectGame/Content/StarterContent/Materials/M_ColorGrid_LowSpec.uasset" 85
"../../../../../ProjectGame/Content/StarterContent/Textures/T_Bush_D.uasset" 86
"../../../../../ProjectGame/Content/StarterContent/Textures/T_Bush_N.uasset" 87
"../../../../../ProjectGame/Content/StarterContent/Props/Materials/M_Bush.uasset" 88
"../../../../../ProjectGame/Content/StarterContent/Props/SM_Bush.uasset" 89
"../../../../../ProjectGame/Content/StarterContent/Textures/T_Chair_M.uasset" 90
"../../../../../ProjectGame/Content/StarterContent/Textures/T_Chair_N.uasset" 91
"../../../../../ProjectGame/Content/StarterContent/Props/Materials/M_Chair.uasset" 92
"../../../../../ProjectGame/Content/StarterContent/Props/SM_Couch.uasset" 93
"../../../../../ProjectGame/Content/StarterContent/Materials/M_Glass.uasset" 94
"../../../../../ProjectGame/Content/StarterContent/Textures/T_Door_M.uasset" 95
"../../../../../ProjectGame/Content/StarterContent/Textures/T_Door_N.uasset" 96
"../../../../../ProjectGame/Content/StarterContent/Props/Materials/M_Door.uasset" 97
"../../../../../ProjectGame/Content/StarterContent/Props/SM_Door.uasset" 98
"../../../../../ProjectGame/Content/StarterContent/Props/Materials/M_MaterialSphere.uasset" 99
"../../../../../ProjectGame/Content/StarterContent/Props/Materials/M_MaterialSphere_Plain.uasset" 100
"../../../../../ProjectGame/Content/StarterContent/Props/SM_MatPreviewMesh_02.uasset" 101
"../../../Engine/Content/Functions/Engine_MaterialFunctions02/Utility/BlendAngleCorrectedNormals.uasset" 102
"../../../../../ProjectGame/Content/StarterContent/Textures/T_Detail_Rocky_N.uasset" 103
"../../../../../ProjectGame/Content/StarterContent/Textures/T_Rock_Basalt_D.uasset" 104
"../../../../../ProjectGame/Content/StarterContent/Textures/T_RockMesh_M.uasset" 105
"../../../../../ProjectGame/Content/StarterContent/Textures/T_RockMesh_N.uasset" 106
"../../../../../ProjectGame/Content/StarterContent/Props/Materials/M_Rock.uasset" 107
"../../../../../ProjectGame/Content/StarterContent/Props/SM_Rock.uasset" 108
"../../../../../ProjectGame/Content/StarterContent/Textures/T_Shelf_M.uasset" 109
"../../../../../ProjectGame/Content/StarterContent/Textures/T_Shelf_N.uasset" 110
"../../../../../ProjectGame/Content/StarterContent/Props/Materials/M_Shelf.uasset" 111
"../../../../../ProjectGame/Content/StarterContent/Props/SM_Shelf.uasset" 112
"../../../../../ProjectGame/Content/StarterContent/Materials/M_Basic_Floor.uasset" 113
"../../../../../ProjectGame/Content/StarterContent/Props/SM_Stairs.uasset" 114
"../../../../../ProjectGame/Content/StarterContent/Shapes/Shape_Cone.uasset" 115
"../../../../../ProjectGame/Content/StarterContent/Shapes/Shape_Cylinder.uasset" 116
"../../../../../ProjectGame/Content/StarterContent/Shapes/Shape_NarrowCapsule.uasset" 117
"../../../../../ProjectGame/Content/StarterContent/Shapes/Shape_Pipe.uasset" 118
"../../../../../ProjectGame/Content/StarterContent/Shapes/Shape_Pipe_180.uasset" 119
"../../../../../ProjectGame/Content/StarterContent/Shapes/Shape_Pipe_90.uasset" 120
"../../../../../ProjectGame/Content/StarterContent/Shapes/Shape_Plane.uasset" 121
"../../../../../ProjectGame/Content/StarterContent/Shapes/Shape_Torus.uasset" 122
"../../../../../ProjectGame/Content/StarterContent/Shapes/Shape_Trim.uasset" 123
"../../../../../ProjectGame/Content/StarterContent/Shapes/Shape_Trim_90_In.uasset" 124
"../../../../../ProjectGame/Content/StarterContent/Shapes/Shape_Trim_90_Out.uasset" 125
"../../../../../ProjectGame/Content/StarterContent/Shapes/Shape_TriPyramid.uasset" 126
"../../../../../ProjectGame/Content/StarterContent/Shapes/Shape_Tube.uasset" 127
"../../../../../ProjectGame/Content/StarterContent/Shapes/Shape_Wedge_A.uasset" 128
"../../../../../ProjectGame/Content/StarterContent/Shapes/Shape_Wedge_B.uasset" 129
"../../../../../ProjectGame/Content/StarterContent/Shapes/Shape_WideCapsule.uasset" 130
"../../../Engine/Content/EngineMaterials/WorldGridMaterial.uasset" 131
"../../../Engine/Content/ArtTools/RenderToTexture/Meshes/S_1_Unit_Plane.uasset" 132
"../../../Engine/Content/BasicShapes/Plane.uasset" 133
"../../../Engine/Content/BasicShapes/Sphere.uasset" 134
"../../../Engine/Content/EditorLandscapeResources/DataLayer.uasset" 135
"../../../Engine/Content/EditorMaterials/GizmoMaterial.uasset" 136
"../../../Engine/Content/EditorMaterials/MAT_Groups_Toggle.uasset" 137
"../../../Engine/Content/EditorMaterials/MAT_Groups_Visibility.uasset" 138
"../../../Engine/Content/EditorMaterials/PreviewShadowIndicator.uasset" 139
"../../../Engine/Content/EditorMaterials/PreviewShadowIndicatorMaterial.uasset" 140
"../../../Engine/Content/EditorMaterials/MatineeGroups/MAT_ColorTrack.uasset" 141
"../../../Engine/Content/EditorMaterials/MatineeGroups/MAT_Groups_Anim.uasset" 142
"../../../Engine/Content/EditorMaterials/MatineeGroups/MAT_Groups_AudioMaster.uasset" 143
"../../../Engine/Content/EditorMaterials/MatineeGroups/MAT_Groups_Director.uasset" 144
"../../../Engine/Content/EditorMaterials/MatineeGroups/MAT_Groups_Event.uasset" 145
"../../../Engine/Content/EditorMaterials/MatineeGroups/MAT_Groups_Fade.uasset" 146
"../../../Engine/Content/EditorMaterials/MatineeGroups/MAT_Groups_Float.uasset" 147
"../../../Engine/Content/EditorMaterials/MatineeGroups/MAT_Groups_Move.uasset" 148
"../../../Engine/Content/EditorMaterials/MatineeGroups/MAT_Groups_Slomo.uasset" 149
"../../../Engine/Content/EditorMaterials/MatineeGroups/MAT_Groups_Sound.uasset" 150
"../../../Engine/Content/EditorMaterials/MatineeGroups/MAT_Groups_Vector.uasset" 151
"../../../Engine/Content/EditorMaterials/ParticleSystems/PSysThumbnail_NoImage.uasset" 152
"../../../Engine/Content/EditorMaterials/ParticleSystems/PSysThumbnail_OOD.uasset" 153
"../../../Engine/Content/EditorMaterials/Camera/CineMat.uasset" 154
"../../../Engine/Content/EditorMaterials/Camera/MI_CineMat_Rig.uasset" 155
"../../../Engine/Content/EditorMeshes/Camera/SM_CraneRig_Arm.uasset" 156
"../../../Engine/Content/EditorMeshes/Camera/SM_CraneRig_Base.uasset" 157
"../../../Engine/Content/EditorMeshes/Camera/SM_CraneRig_Body.uasset" 158
"../../../Engine/Content/EditorMeshes/Camera/SM_CraneRig_Mount.uasset" 159
"../../../Engine/Content/EditorMeshes/Camera/SM_RailRig_Mount.uasset" 160
"../../../Engine/Content/EditorMeshes/Camera/SM_RailRig_Track.uasset" 161
"../../../Engine/Content/EditorResources/BSPVertex.uasset" 162
"../../../Engine/Content/EditorResources/EmptyActor.uasset" 163
"../../../Engine/Content/EditorResources/S_Actor.uasset" 164
"../../../Engine/Content/EditorResources/S_Trigger.uasset" 165
"../../../Engine/Content/EditorResources/AudioIcons/S_AudioComponent.uasset" 166
"../../../Engine/Content/EditorResources/AudioIcons/S_AudioComponent_AutoActivate.uasset" 167
"../../../Engine/Content/EditorResources/LightIcons/S_LightError.uasset" 168
"../../../Engine/Content/EditorResources/SequenceRecorder/Countdown.uasset" 169
"../../../Engine/Content/EditorResources/SequenceRecorder/RecordingIndicator.uasset" 170
"../../../Engine/Content/EditorSounds/Notifications/CompileFailed.uasset" 171
"../../../Engine/Content/EditorSounds/Notifications/CompileFailed_Cue.uasset" 172
"../../../Engine/Content/EditorSounds/Notifications/CompileSuccess.uasset" 173
"../../../Engine/Content/EditorSounds/Notifications/CompileStart_Cue.uasset" 174
"../../../Engine/Content/EditorSounds/Notifications/CompileSuccess_Cue.uasset" 175
"../../../Engine/Content/EngineDamageTypes/DmgTypeBP_Environmental.uasset" 176
"../../../Engine/Content/EngineDebugMaterials/HeatmapGradient.uasset" 177
"../../../Engine/Content/EngineDebugMaterials/BoneWeightMaterial.uasset" 178
"../../../Engine/Content/EngineDebugMaterials/ClothMaterial.uasset" 179
"../../../Engine/Content/EngineDebugMaterials/ClothMaterial_WF.uasset" 180
"../../../Engine/Content/EngineDebugMaterials/DebugEditorMaterial.uasset" 181
"../../../Engine/Content/EngineDebugMaterials/DebugMeshMaterial.uasset" 182
"../../../Engine/Content/EngineDebugMaterials/GeomMaterial.uasset" 183
"../../../Engine/Content/EngineDebugMaterials/M_SimpleTranslucent.uasset" 184
"../../../Engine/Content/EngineFonts/Faces/RobotoBold.uasset" 185
"../../../Engine/Content/EngineFonts/Faces/RobotoBoldItalic.uasset" 186
"../../../Engine/Content/EngineFonts/Faces/RobotoItalic.uasset" 187
"../../../Engine/Content/EngineFonts/Faces/RobotoLight.uasset" 188
"../../../Engine/Content/EngineFonts/Faces/RobotoRegular.uasset" 189
"../../../Engine/Content/EngineFonts/Roboto.uasset" 190
"../../../Engine/Content/EngineFonts/Faces/RobotoTiny.uasset" 191
"../../../Engine/Content/EngineFonts/RobotoTiny.uasset" 192
"../../../Engine/Content/EngineMaterials/BaseFlattenDiffuseMap.uasset" 193
"../../../Engine/Content/EngineMaterials/BaseFlattenEmissiveMap.uasset" 194
"../../../Engine/Content/EngineMaterials/BaseFlattenGrayscaleMap.uasset" 195
"../../../Engine/Content/EngineMaterials/BaseFlattenNormalMap.uasset" 196
"../../../Engine/Content/EngineMaterials/BaseFlattenMaterial.uasset" 197
"../../../Engine/Content/EngineMaterials/DefaultBloomKernel.uasset" 198
"../../../Engine/Content/EngineMaterials/DefaultBokeh.uasset" 199
"../../../Engine/Content/EngineMaterials/DefaultDiffuse.uasset" 200
"../../../Engine/Content/EngineMaterials/DefaultDeferredDecalMaterial.uasset" 201
"../../../Engine/Content/EngineMaterials/DefaultLightFunctionMaterial.uasset" 202
"../../../Engine/Content/EngineMaterials/DefaultPhysicalMaterial.uasset" 203
"../../../Engine/Content/Functions/Engine_MaterialFunctions02/Utility/BreakOutFloat2Components.uasset" 204
"../../../Engine/Content/EngineMaterials/DefaultPostProcessMaterial.uasset" 205
"../../../Engine/Content/EngineFonts/RobotoDistanceField.uasset" 206
"../../../Engine/Content/EngineMaterials/DefaultTextMaterialOpaque.uasset" 207
"../../../Engine/Content/EngineMaterials/DefaultWhiteGrid.uasset" 208
"../../../Engine/Content/EngineMaterials/EditorBrushMaterial.uasset" 209
"../../../Engine/Content/EngineMaterials/Good64x64TilingNoiseHighFreq.uasset" 210
"../../../Engine/Content/EngineMaterials/MiniFont.uasset" 211
"../../../Engine/Content/EngineMaterials/InvalidLightmapSettings.uasset" 212
"../../../Engine/Content/EngineMaterials/M_InvalidLightmapSettings.uasset" 213
"../../../Engine/Content/Functions/Engine_MaterialFunctions02/WorldPositionOffset/CameraOffset.uasset" 214
"../../../Engine/Content/EngineMaterials/PhAT_JointLimitMaterial.uasset" 215
"../../../Engine/Content/EngineMaterials/PreintegratedSkinBRDF.uasset" 216
"../../../Engine/Content/EngineMaterials/RemoveSurfaceMaterial.uasset" 217
"../../../Engine/Content/EngineMaterials/WeightMapPlaceholderTexture.uasset" 218
"../../../Engine/Content/EngineResources/WhiteSquareTexture.uasset" 219
"../../../Engine/Content/EngineMaterials/Widget3DPassThrough.uasset" 220
"../../../Engine/Content/EngineMaterials/Widget3DPassThrough_Masked.uasset" 221
"../../../Engine/Content/EngineMaterials/Widget3DPassThrough_Opaque.uasset" 222
"../../../Engine/Content/EngineMaterials/Widget3DPassThrough_Masked_OneSided.uasset" 223
"../../../Engine/Content/EngineMaterials/Widget3DPassThrough_Opaque_OneSided.uasset" 224
"../../../Engine/Content/EngineMaterials/Widget3DPassThrough_Translucent.uasset" 225
"../../../Engine/Content/EngineMaterials/Widget3DPassThrough_Translucent_OneSided.uasset" 226
"../../../Engine/Content/EngineMeshes/Cylinder.uasset" 227
"../../../Engine/Content/EngineMeshes/Sphere.uasset" 228
"../../../Engine/Content/EngineResources/Black.uasset" 229
"../../../Engine/Content/EngineResources/DefaultTexture.uasset" 230
"../../../Engine/Content/EngineResources/DefaultTextureCube.uasset" 231
"../../../Engine/Content/EngineResources/DefaultVolumeTexture2D.uasset" 232
"../../../Engine/Content/EngineResources/DefaultVolumeTexture.uasset" 233
"../../../Engine/Content/EngineResources/GradientTexture0.uasset" 234
"../../../Engine/Content/EngineSounds/Master.uasset" 235
"../../../Engine/Content/Functions/Engine_MaterialFunctions01/Shading/ConvertFromDiffSpec.uasset" 236
"../../../Engine/Content/Functions/Engine_MaterialFunctions01/Shading/PowerToRoughness.uasset" 237
"../../../Engine/Content/Maps/Templates/Thumbnails/Default.uasset" 238
"../../../Engine/Content/Maps/Templates/Thumbnails/VR-Basic.uasset" 239
"../../../Engine/Content/MobileResources/T_MobileControls_texture.uasset" 240
"../../../Engine/Content/MobileResources/T_MobileMenu2.uasset" 241
"../../../Engine/Content/MobileResources/HUD/AnalogHat.uasset" 242
"../../../Engine/Content/MobileResources/HUD/VirtualJoystick_Background.uasset" 243
"../../../Engine/Content/MobileResources/HUD/VirtualJoystick_Thumb.uasset" 244
"../../../Engine/Content/MobileResources/HUD/DefaultVirtualJoysticks.uasset" 245
"../../../Engine/Content/MobileResources/HUD/LeftVirtualJoystickOnly.uasset" 246
"../../../Engine/Content/MobileResources/HUD/MobileHUDButton1_off.uasset" 247
"../../../Engine/Content/MobileResources/HUD/MobileHUDButton1_on.uasset" 248
"../../../Engine/Content/MobileResources/HUD/MobileHUDButton2_off.uasset" 249
"../../../Engine/Content/MobileResources/HUD/MobileHUDButton2_on.uasset" 250
"../../../Engine/Content/MobileResources/HUD/MobileHUDButton3.uasset" 251
"../../../Engine/Content/MobileResources/HUD/MobileHUDButtonFire.uasset" 252
"../../../Engine/Content/MobileResources/HUD/MobileHUDDirectionPad.uasset" 253
"../../../Engine/Content/MobileResources/HUD/MobileHUDDirectionPad2.uasset" 254
"../../../Engine/Content/MobileResources/HUD/MobileHUDDirectionPad3.uasset" 255
"../../../Engine/Content/MobileResources/HUD/MobileHUDDirectionStick.uasset" 256
"../../../Engine/Content/MobileResources/HUD/T_Castle_ThumbstickInner.uasset" 257
"../../../Engine/Content/MobileResources/HUD/T_Castle_ThumbstickOutter.uasset" 258
"../../../Engine/Content/Tutorial/ContentIntroCurve.uasset" 259
"../../../Engine/Content/Tutorial/Mobile/TutorialAssets/android_Icon.uasset" 260
"../../../Engine/Content/VREditor/LaserPointer/VR_LaserPower_01.uasset" 261
"../../../Engine/Content/VREditor/TransformGizmo/TransformGizmoMaterial.uasset" 262
"../../../Engine/Content/VREditor/TransformGizmo/TranslucentTransformGizmoMaterial.uasset" 263
"../../../Engine/Content/VREditor/TransformGizmo/BoundingBoxCorner.uasset" 264
"../../../Engine/Content/VREditor/TransformGizmo/BoundingBoxEdge.uasset" 265
"../../../Engine/Content/VREditor/TransformGizmo/PlaneTranslationHandle.uasset" 266
"../../../Engine/Content/VREditor/TransformGizmo/Main.uasset" 267
"../../../Engine/Content/VREditor/TransformGizmo/Xray.uasset" 268
"../../../Engine/Content/VREditor/TransformGizmo/SM_Sequencer_Key.uasset" 269
"../../../Engine/Content/VREditor/TransformGizmo/SM_Sequencer_Node.uasset" 270
"../../Plugins/2D/Paper2D/Content/PlaceholderTextures/DummySpriteTexture.uasset" 271
"../../Plugins/2D/Paper2D/Content/DummySprite.uasset" 272
"../../Plugins/2D/Paper2D/Content/DefaultPaperTerrainMaterial.uasset" 273
"../../Plugins/2D/Paper2D/Content/DefaultSpriteMaterial.uasset" 274
"../../Plugins/2D/Paper2D/Content/MaskedUnlitSpriteMaterial.uasset" 275
"../../Plugins/2D/Paper2D/Content/OpaqueUnlitSpriteMaterial.uasset" 276
"../../Plugins/Runtime/Oculus/OculusVR/Content/Materials/PokeAHoleMaterial.uasset" 277
"../../Plugins/Runtime/Oculus/OculusVR/Content/Textures/GearVRController_AO.uasset" 278
"../../Plugins/Runtime/Oculus/OculusVR/Content/Textures/GearVRController_Color.uasset" 279
"../../Plugins/Runtime/Oculus/OculusVR/Content/Textures/GearVRController_Normal.uasset" 280
"../../Plugins/Runtime/Oculus/OculusVR/Content/Materials/GearVRControllerMaterial.uasset" 281
"../../Plugins/Runtime/Oculus/OculusVR/Content/Meshes/GearVrController.uasset" 282
"../../Plugins/Runtime/Oculus/OculusVR/Content/Textures/touchController_albedo.uasset" 283
"../../Plugins/Runtime/Oculus/OculusVR/Content/Textures/touchController_controlmap.uasset" 284
"../../Plugins/Runtime/Oculus/OculusVR/Content/Materials/touchController_mat.uasset" 285
"../../Plugins/Runtime/Oculus/OculusVR/Content/Meshes/LeftTouchController.uasset" 286
"../../Plugins/Runtime/Oculus/OculusVR/Content/Meshes/RiftHMD.uasset" 287
"../../Plugins/Runtime/Oculus/OculusVR/Content/Meshes/RightTouchController.uasset" 288
"../../../Engine/Content/EngineSky/C_Sky_Cloud_Color.uasset" 289
"../../../Engine/Content/EngineSky/C_Sky_Horizon_Color.uasset" 290
"../../../Engine/Content/EngineSky/C_Sky_Zenith_Color.uasset" 291
"../../../Engine/Content/EngineSky/T_Sky_Blue.uasset" 292
"../../../Engine/Content/EngineSky/T_Sky_Clouds_M.uasset" 293
"../../../Engine/Content/EngineSky/T_Sky_Stars.uasset" 294
"../../../Engine/Content/EngineSky/M_Sky_Panning_Clouds2.uasset" 295
"../../../Engine/Content/EngineSky/SM_SkySphere.uasset" 296
"../../../Engine/Content/EngineSky/BP_Sky_Sphere.uasset" 297
"../../../../../ProjectGame/Content/NewMap_BuiltData.uasset" 298
"../../../Engine/Content/MapTemplates/SM_Template_Map_Floor.uasset" 299
"../../../../../ProjectGame/Content/GameContent/Props/Col.uasset" 300
"../../../../../ProjectGame/Content/GameContent/Props/Ds.uasset" 301
"../../../../../ProjectGame/Content/GameContent/Props/ST.uasset" 302
"../../../../../ProjectGame/Content/GameContent/Props/Char.uasset" 303
"../../../../../ProjectGame/Content/NewMap.umap" 304
"../../../../../ProjectGame/Content/GameContent/Map/Example_BuiltData.uasset" 305
"../../../Engine/Content/BasicShapes/Cone.uasset" 306
"../../../Engine/Content/BasicShapes/Cube.uasset" 307
"../../../../../ProjectGame/Content/GameContent/Map/Example.umap" 308
"../../../../../ProjectGame/Content/GameContent/Characters/GameModeCharacter.uasset" 309
"../../../../../ProjectGame/Content/GameContent/Materials/BlackMaterial.uasset" 310
"../../../../../ProjectGame/Content/GameContent/Materials/CameraTopSecurity.uasset" 311
"../../../../../ProjectGame/Content/GameContent/Textures/CameraNumbers_Texture.uasset" 312
"../../../../../ProjectGame/Content/GameContent/Materials/CameraTopSecurity_Mat.uasset" 313
"../../../../../ProjectGame/Content/GameContent/Materials/SecurityCamera.uasset" 314
"../../../../../ProjectGame/Content/GameContent/Textures/CameraNumbers2_Texture.uasset" 315
"../../../../../ProjectGame/Content/GameContent/Materials/Material_SecurityCamera_LeftExit.uasset" 316
"../../../../../ProjectGame/Content/GameContent/Materials/SecurityCamera_LeftExit.uasset" 317
"../../../../../ProjectGame/Content/GameContent/Textures/CameraNumbers3_Texture.uasset" 318
"../../../../../ProjectGame/Content/GameContent/Materials/SecurityCamera_Rightt.uasset" 319
"../../../../../ProjectGame/Content/GameContent/Props/Monitor.uasset" 320
"../../../../../ProjectGame/Content/GameContent/Widget/Camera_SecrurityRooms.uasset" 321
"../../../../../ProjectGame/Content/GameContent/Widget/Hint_SecrurityChair.uasset" 322
"../../../../../ProjectGame/Content/GameContent/Widget/Key_E_Widget.uasset" 323
"../../../../../ProjectGame/Content/GameContent/Characters/Trigger_Security.uasset" 324
"../../../../../ProjectGame/Content/GameContent/Map/Game_BuiltData.uasset" 325
"../../../../../ProjectGame/Content/GameContent/Textures/gg.uasset" 326
"../../../../../ProjectGame/Content/GameContent/Textures/gg_Mat.uasset" 327
"../../../../../ProjectGame/Content/GameContent/Materials/GreyMaterials.uasset" 328
"../../../../../ProjectGame/Content/GameContent/Materials/GreyMaterials_Inst.uasset" 329
"../../../Engine/Content/EditorResources/MatineeCam_D.uasset" 330
"../../../Engine/Content/EditorMaterials/MatineeCam_mat.uasset" 331
"../../../Engine/Content/EditorMeshes/MatineeCam_SM.uasset" 332
"../../../../../ProjectGame/Content/GameContent/Props/2G.uasset" 333
"../../../../../ProjectGame/Content/GameContent/Props/camera.uasset" 334
"../../../../../ProjectGame/Content/GameContent/Props/G_BoxWall.uasset" 335
"../../../../../ProjectGame/Content/GameContent/Props/G_DoorFrame.uasset" 336
"../../../../../ProjectGame/Content/GameContent/Props/G_Flor.uasset" 337
"../../../../../ProjectGame/Content/GameContent/Props/Glass.uasset" 338
"../../../../../ProjectGame/Content/GameContent/Props/G_Glass.uasset" 339
"../../../../../ProjectGame/Content/GameContent/Props/G_GlassFrame.uasset" 340
"../../../../../ProjectGame/Content/GameContent/Props/G_StendGlass.uasset" 341
"../../../../../ProjectGame/Content/GameContent/Props/G_Wind.uasset" 342
"../../../../../ProjectGame/Content/GameContent/Map/Game.umap" 343
"../../../../../ProjectGame/Content/GameContent/Characters/Camera_Security.uasset" 344
"../../../../../ProjectGame/Content/GameContent/Characters/LightRandom.uasset" 345
"../../../../../ProjectGame/Content/GameContent/Map/GameLevel_BuiltData.uasset" 346
"../../../../../ProjectGame/Content/StarterContent/Audio/Starter_Background_Cue.uasset" 347
"../../../../../ProjectGame/Content/GameContent/Map/GameLevel.umap" 348
"../../../../../ProjectGame/Content/GameContent/Map/GameTestMap_BuiltData.uasset" 349
"../../../../../ProjectGame/Content/StarterContent/Architecture/Wall_400x300.uasset" 350
"../../../../../ProjectGame/Content/GameContent/Map/GameTestMap.umap" 351
"../../../../../ProjectGame/Content/GameContent/Map/GameTestMap1_BuiltData.uasset" 352
"../../../../../ProjectGame/Content/GameContent/Map/GameTestMap1.umap" 353
"../../../../../ProjectGame/Content/StarterContent/Blueprints/Assets/FogBrightnessLUT.uasset" 354
"../../../../../ProjectGame/Content/StarterContent/Blueprints/Assets/SunlightColorLUT.uasset" 355
"../../../../../ProjectGame/Content/StarterContent/Blueprints/Assets/M_LightStage_Arrows.uasset" 356
"../../../Engine/Content/MapTemplates/Sky/DaylightAmbientCubemap.uasset" 357
"../../../../../ProjectGame/Content/StarterContent/Blueprints/Assets/M_LightStage_Skybox_Master.uasset" 358
"../../../../../ProjectGame/Content/StarterContent/Blueprints/Assets/M_LightStage_Skybox_Black.uasset" 359
"../../../../../ProjectGame/Content/StarterContent/Blueprints/Assets/M_LightStage_Skybox_HDRI.uasset" 360
"../../../Engine/Content/EditorMaterials/Thumbnails/SkySphereMaterial.uasset" 361
"../../../../../ProjectGame/Content/StarterContent/Blueprints/Assets/Skybox.uasset" 362
"../../../../../ProjectGame/Content/StarterContent/Blueprints/Assets/SM_Arrows.uasset" 363
"../../../../../ProjectGame/Content/StarterContent/HDRI/HDRI_Epic_Courtyard_Daylight.uasset" 364
"../../../../../ProjectGame/Content/StarterContent/Blueprints/BP_LightStudio.uasset" 365
"../../../../../ProjectGame/Content/StarterContent/Maps/Advanced_Lighting_BuiltData.uasset" 366
"../../../../../ProjectGame/Content/StarterContent/Materials/M_AssetPlatform.uasset" 367
"../../../Engine/Content/EditorMeshes/ColorCalibrator/M_ChromeBall.uasset" 368
"../../../Engine/Content/EditorMeshes/ColorCalibrator/M_ClearCoat.uasset" 369
"../../../Engine/Content/EditorMeshes/ColorCalibrator/M_ClearCoatBlack.uasset" 370
"../../../Engine/Content/EditorMeshes/ColorCalibrator/Color_checker.uasset" 371
"../../../Engine/Content/EditorMeshes/ColorCalibrator/M_ColorGrid.uasset" 372
"../../../Engine/Content/EditorMeshes/ColorCalibrator/M_GreyBall.uasset" 373
"../../../Engine/Content/EditorMeshes/ColorCalibrator/SM_ColorCalibrator.uasset" 374
"../../../../../ProjectGame/Content/StarterContent/Architecture/SM_AssetPlatform.uasset" 375
"../../../../../ProjectGame/Content/StarterContent/Maps/Advanced_Lighting.umap" 376
"../../../../../ProjectGame/Content/StarterContent/Maps/Minimal_Default_BuiltData.uasset" 377
"../../../../../ProjectGame/Content/StarterContent/Textures/T_MacroVariation.uasset" 378
"../../../../../ProjectGame/Content/StarterContent/Materials/M_Metal_Brushed_Nickel.uasset" 379
"../../../../../ProjectGame/Content/StarterContent/Textures/T_Metal_Aluminum_D.uasset" 380
"../../../../../ProjectGame/Content/StarterContent/Textures/T_Metal_Gold_N.uasset" 381
"../../../../../ProjectGame/Content/StarterContent/Materials/M_Metal_Burnished_Steel.uasset" 382
"../../../../../ProjectGame/Content/StarterContent/Textures/T_Metal_Copper_D.uasset" 383
"../../../../../ProjectGame/Content/StarterContent/Materials/M_Metal_Copper.uasset" 384
"../../../../../ProjectGame/Content/StarterContent/Textures/T_Statue_M.uasset" 385
"../../../../../ProjectGame/Content/StarterContent/Textures/T_Statue_N.uasset" 386
"../../../../../ProjectGame/Content/StarterContent/Props/Materials/M_StatueGlass.uasset" 387
"../../../../../ProjectGame/Content/StarterContent/Architecture/Floor_400x400.uasset" 388
"../../../../../ProjectGame/Content/StarterContent/Props/SM_Chair.uasset" 389
"../../../../../ProjectGame/Content/StarterContent/Props/Materials/M_Statue.uasset" 390
"../../../../../ProjectGame/Content/StarterContent/Props/SM_Statue.uasset" 391
"../../../../../ProjectGame/Content/StarterContent/Textures/T_TableRound_M.uasset" 392
"../../../../../ProjectGame/Content/StarterContent/Textures/T_TableRound_N.uasset" 393
"../../../../../ProjectGame/Content/StarterContent/Props/Materials/M_TableRound.uasset" 394
"../../../../../ProjectGame/Content/StarterContent/Props/SM_TableRound.uasset" 395
"../../../../../ProjectGame/Content/StarterContent/Maps/Minimal_Default.umap" 396
"../../../../../ProjectGame/Content/StarterContent/Audio/Fire01_Cue.uasset" 397
"../../../../../ProjectGame/Content/StarterContent/Textures/T_Fire_SubUV.uasset" 398
"../../../../../ProjectGame/Content/StarterContent/Textures/T_Fire_Tiled_D.uasset" 399
"../../../../../ProjectGame/Content/StarterContent/Particles/Materials/M_Fire_SubUV.uasset" 400
"../../../../../ProjectGame/Content/StarterContent/Textures/T_Water_N.uasset" 401
"../../../../../ProjectGame/Content/StarterContent/Particles/Materials/M_Heat_Distortion.uasset" 402
"../../../../../ProjectGame/Content/StarterContent/Particles/Materials/M_Radial_Gradient.uasset" 403
"../../../../../ProjectGame/Content/StarterContent/Particles/P_Fire.uasset" 404
"../../../../../ProjectGame/Content/StarterContent/Blueprints/Blueprint_Effect_Fire.uasset" 405
"../../../../../ProjectGame/Content/StarterContent/Audio/Smoke01_Cue.uasset" 406
"../../../../../ProjectGame/Content/StarterContent/Particles/P_Smoke.uasset" 407
"../../../../../ProjectGame/Content/StarterContent/Blueprints/Blueprint_Effect_Smoke.uasset" 408
"../../../../../ProjectGame/Content/StarterContent/Audio/Fire_Sparks01_Cue.uasset" 409
"../../../../../ProjectGame/Content/StarterContent/Textures/T_Spark_Core.uasset" 410
"../../../../../ProjectGame/Content/StarterContent/Particles/Materials/M_Spark.uasset" 411
"../../../../../ProjectGame/Content/StarterContent/Particles/P_Sparks.uasset" 412
"../../../../../ProjectGame/Content/StarterContent/Blueprints/Blueprint_Effect_Sparks.uasset" 413
"../../../../../ProjectGame/Content/StarterContent/Audio/Steam01_Cue.uasset" 414
"../../../../../ProjectGame/Content/StarterContent/Particles/P_Steam_Lit.uasset" 415
"../../../../../ProjectGame/Content/StarterContent/Blueprints/Blueprint_Effect_Steam.uasset" 416
"../../../../../ProjectGame/Content/StarterContent/Textures/T_Lamp_M.uasset" 417
"../../../../../ProjectGame/Content/StarterContent/Textures/T_Lamp_N.uasset" 418
"../../../../../ProjectGame/Content/StarterContent/Props/Materials/M_Lamp.uasset" 419
"../../../../../ProjectGame/Content/StarterContent/Props/SM_Lamp_Ceiling.uasset" 420
"../../../../../ProjectGame/Content/StarterContent/Blueprints/Blueprint_CeilingLight.uasset" 421
"../../../../../ProjectGame/Content/StarterContent/Props/SM_Lamp_Wall.uasset" 422
"../../../../../ProjectGame/Content/StarterContent/Blueprints/Blueprint_WallSconce.uasset" 423
"../../../../../ProjectGame/Content/StarterContent/Maps/StarterMap_BuiltData.uasset" 424
"../../../Engine/Content/Functions/Engine_MaterialFunctions03/Procedurals/ComputeFilterWidth.uasset" 425
"../../../Engine/Content/EngineMaterials/AntiAliasedTextMaterialTranslucent.uasset" 426
"../../../../../ProjectGame/Content/StarterContent/Textures/T_Brick_Clay_Beveled_D.uasset" 427
"../../../../../ProjectGame/Content/StarterContent/Textures/T_Brick_Clay_Beveled_M.uasset" 428
"../../../../../ProjectGame/Content/StarterContent/Textures/T_Brick_Clay_Beveled_N.uasset" 429
"../../../../../ProjectGame/Content/StarterContent/Materials/M_Brick_Clay_Beveled.uasset" 430
"../../../../../ProjectGame/Content/StarterContent/Textures/T_Brick_Clay_New_D.uasset" 431
"../../../../../ProjectGame/Content/StarterContent/Textures/T_Brick_Clay_New_M.uasset" 432
"../../../../../ProjectGame/Content/StarterContent/Textures/T_Brick_Clay_New_N.uasset" 433
"../../../../../ProjectGame/Content/StarterContent/Materials/M_Brick_Clay_New.uasset" 434
"../../../../../ProjectGame/Content/StarterContent/Textures/T_Brick_Clay_Old_D.uasset" 435
"../../../../../ProjectGame/Content/StarterContent/Textures/T_Brick_Clay_Old_N.uasset" 436
"../../../../../ProjectGame/Content/StarterContent/Textures/T_Perlin_Noise_M.uasset" 437
"../../../../../ProjectGame/Content/StarterContent/Materials/M_Brick_Clay_Old.uasset" 438
"../../../../../ProjectGame/Content/StarterContent/Textures/T_Brick_Cut_Stone_D.uasset" 439
"../../../../../ProjectGame/Content/StarterContent/Textures/T_Brick_Cut_Stone_N.uasset" 440
"../../../../../ProjectGame/Content/StarterContent/Materials/M_Brick_Cut_Stone.uasset" 441
"../../../../../ProjectGame/Content/StarterContent/Textures/T_Brick_Hewn_Stone_D.uasset" 442
"../../../../../ProjectGame/Content/StarterContent/Textures/T_Brick_Hewn_Stone_M.uasset" 443
"../../../../../ProjectGame/Content/StarterContent/Textures/T_Brick_Hewn_Stone_N.uasset" 444
"../../../../../ProjectGame/Content/StarterContent/Materials/M_Brick_Hewn_Stone.uasset" 445
"../../../../../ProjectGame/Content/StarterContent/Textures/T_Ceramic_Tile_M.uasset" 446
"../../../../../ProjectGame/Content/StarterContent/Textures/T_Ceramic_Tile_N.uasset" 447
"../../../../../ProjectGame/Content/StarterContent/Textures/T_Rock_Marble_Polished_D.uasset" 448
"../../../../../ProjectGame/Content/StarterContent/Materials/M_Ceramic_Tile_Checker.uasset" 449
"../../../../../ProjectGame/Content/StarterContent/Textures/T_CobbleStone_Pebble_D.uasset" 450
"../../../../../ProjectGame/Content/StarterContent/Textures/T_CobbleStone_Pebble_M.uasset" 451
"../../../../../ProjectGame/Content/StarterContent/Textures/T_CobbleStone_Pebble_N.uasset" 452
"../../../../../ProjectGame/Content/StarterContent/Materials/M_CobbleStone_Pebble.uasset" 453
"../../../../../ProjectGame/Content/StarterContent/Textures/T_CobbleStone_Rough_D.uasset" 454
"../../../../../ProjectGame/Content/StarterContent/Textures/T_CobbleStone_Rough_N.uasset" 455
"../../../../../ProjectGame/Content/StarterContent/Textures/T_Gradinet_01.uasset" 456
"../../../../../ProjectGame/Content/StarterContent/Textures/T_Rock_Smooth_Granite_D.uasset" 457
"../../../../../ProjectGame/Content/StarterContent/Materials/M_CobbleStone_Rough.uasset" 458
"../../../../../ProjectGame/Content/StarterContent/Textures/T_CobbleStone_Smooth_D.uasset" 459
"../../../../../ProjectGame/Content/StarterContent/Textures/T_CobbleStone_Smooth_M.uasset" 460
"../../../../../ProjectGame/Content/StarterContent/Textures/T_CobbleStone_Smooth_N.uasset" 461
"../../../../../ProjectGame/Content/StarterContent/Materials/M_CobbleStone_Smooth.uasset" 462
"../../../../../ProjectGame/Content/StarterContent/Textures/T_Concrete_Grime_D.uasset" 463
"../../../../../ProjectGame/Content/StarterContent/Textures/T_Metal_Rust_N.uasset" 464
"../../../../../ProjectGame/Content/StarterContent/Materials/M_Concrete_Grime.uasset" 465
"../../../../../ProjectGame/Content/StarterContent/Textures/T_Concrete_Panels_D.uasset" 466
"../../../../../ProjectGame/Content/StarterContent/Textures/T_Concrete_Panels_N.uasset" 467
"../../../../../ProjectGame/Content/StarterContent/Materials/M_Concrete_Panels.uasset" 468
"../../../../../ProjectGame/Content/StarterContent/Textures/T_Concrete_Poured_D.uasset" 469
"../../../../../ProjectGame/Content/StarterContent/Textures/T_Concrete_Poured_N.uasset" 470
"../../../../../ProjectGame/Content/StarterContent/Materials/M_Concrete_Poured.uasset" 471
"../../../../../ProjectGame/Content/StarterContent/Textures/T_Concrete_Tiles_D.uasset" 472
"../../../../../ProjectGame/Content/StarterContent/Textures/T_Concrete_Tiles_M.uasset" 473
"../../../../../ProjectGame/Content/StarterContent/Textures/T_Concrete_Tiles_N.uasset" 474
"../../../../../ProjectGame/Content/StarterContent/Textures/T_Concrete_Tiles_Variation_M.uasset" 475
"../../../../../ProjectGame/Content/StarterContent/Materials/M_Concrete_Tiles.uasset" 476
"../../../../../ProjectGame/Content/StarterContent/Textures/T_Ground_Grass_D.uasset" 477
"../../../../../ProjectGame/Content/StarterContent/Textures/T_Ground_Grass_N.uasset" 478
"../../../../../ProjectGame/Content/StarterContent/Materials/M_Ground_Grass.uasset" 479
"../../../../../ProjectGame/Content/StarterContent/Textures/T_Ground_Gravel_D.uasset" 480
"../../../../../ProjectGame/Content/StarterContent/Textures/T_Ground_Gravel_N.uasset" 481
"../../../../../ProjectGame/Content/StarterContent/Materials/M_Ground_Gravel.uasset" 482
"../../../../../ProjectGame/Content/StarterContent/Textures/T_ground_Moss_D.uasset" 483
"../../../../../ProjectGame/Content/StarterContent/Textures/T_Ground_Moss_N.uasset" 484
"../../../../../ProjectGame/Content/StarterContent/Materials/M_Ground_Moss.uasset" 485
"../../../../../ProjectGame/Content/StarterContent/Materials/M_Metal_Chrome.uasset" 486
"../../../../../ProjectGame/Content/StarterContent/Textures/T_Metal_Gold_D.uasset" 487
"../../../../../ProjectGame/Content/StarterContent/Materials/M_Metal_Gold.uasset" 488
"../../../../../ProjectGame/Content/StarterContent/Textures/T_Metal_Rust_D.uasset" 489
"../../../../../ProjectGame/Content/StarterContent/Materials/M_Metal_Rust.uasset" 490
"../../../../../ProjectGame/Content/StarterContent/Textures/T_Metal_Steel_D.uasset" 491
"../../../../../ProjectGame/Content/StarterContent/Textures/T_Metal_Steel_N.uasset" 492
"../../../../../ProjectGame/Content/StarterContent/Materials/M_Metal_Steel.uasset" 493
"../../../../../ProjectGame/Content/StarterContent/Textures/T_Rock_Basalt_N.uasset" 494
"../../../../../ProjectGame/Content/StarterContent/Materials/M_Rock_Basalt.uasset" 495
"../../../../../ProjectGame/Content/StarterContent/Materials/M_Rock_Marble_Polished.uasset" 496
"../../../../../ProjectGame/Content/StarterContent/Textures/T_Rock_Sandstone_D.uasset" 497
"../../../../../ProjectGame/Content/StarterContent/Textures/T_Rock_Sandstone_N.uasset" 498
"../../../../../ProjectGame/Content/StarterContent/Materials/M_Rock_Sandstone.uasset" 499
"../../../../../ProjectGame/Content/StarterContent/Textures/T_Rock_Slate_D.uasset" 500
"../../../../../ProjectGame/Content/StarterContent/Textures/T_Rock_Slate_N.uasset" 501
"../../../../../ProjectGame/Content/StarterContent/Materials/M_Rock_Slate.uasset" 502
"../../../../../ProjectGame/Content/StarterContent/Textures/T_Checker_Noise_M.uasset" 503
"../../../../../ProjectGame/Content/StarterContent/Textures/T_Single_Tile_N.uasset" 504
"../../../../../ProjectGame/Content/StarterContent/Textures/T_Tech_Dot_M.uasset" 505
"../../../../../ProjectGame/Content/StarterContent/Textures/T_Tech_Dot_N.uasset" 506
"../../../../../ProjectGame/Content/StarterContent/Materials/M_Tech_Checker_Dot.uasset" 507
"../../../../../ProjectGame/Content/StarterContent/Textures/T_Tech_Hex_Tile_M.uasset" 508
"../../../../../ProjectGame/Content/StarterContent/Textures/T_Tech_Hex_Tile_N.uasset" 509
"../../../../../ProjectGame/Content/StarterContent/Materials/M_Tech_Hex_Tile.uasset" 510
"../../../../../ProjectGame/Content/StarterContent/Materials/M_Tech_Hex_Tile_Pulse.uasset" 511
"../../../../../ProjectGame/Content/StarterContent/Textures/T_Tech_Panel_M.uasset" 512
"../../../../../ProjectGame/Content/StarterContent/Textures/T_Tech_Panel_N.uasset" 513
"../../../../../ProjectGame/Content/StarterContent/Materials/M_Tech_Panel.uasset" 514
"../../../../../ProjectGame/Content/StarterContent/Materials/M_Water_Lake.uasset" 515
"../../../../../ProjectGame/Content/StarterContent/Textures/T_Water_M.uasset" 516
"../../../../../ProjectGame/Content/StarterContent/Materials/M_Water_Ocean.uasset" 517
"../../../../../ProjectGame/Content/StarterContent/Textures/T_Wood_Floor_Walnut_D.uasset" 518
"../../../../../ProjectGame/Content/StarterContent/Textures/T_Wood_Floor_Walnut_M.uasset" 519
"../../../../../ProjectGame/Content/StarterContent/Textures/T_Wood_Floor_Walnut_N.uasset" 520
"../../../../../ProjectGame/Content/StarterContent/Materials/M_Wood_Floor_Walnut_Polished.uasset" 521
"../../../Engine/Content/Functions/Engine_MaterialFunctions01/Opacity/AlphaOffset.uasset" 522
"../../../../../ProjectGame/Content/StarterContent/Materials/M_Wood_Floor_Walnut_Worn.uasset" 523
"../../../../../ProjectGame/Content/StarterContent/Textures/T_Wood_Oak_D.uasset" 524
"../../../../../ProjectGame/Content/StarterContent/Textures/T_Wood_Oak_N.uasset" 525
"../../../../../ProjectGame/Content/StarterContent/Materials/M_Wood_Oak.uasset" 526
"../../../../../ProjectGame/Content/StarterContent/Textures/T_Wood_Pine_D.uasset" 527
"../../../../../ProjectGame/Content/StarterContent/Textures/T_Wood_Pine_N.uasset" 528
"../../../../../ProjectGame/Content/StarterContent/Materials/M_Wood_Pine.uasset" 529
"../../../../../ProjectGame/Content/StarterContent/Textures/T_Wood_Walnut_D.uasset" 530
"../../../../../ProjectGame/Content/StarterContent/Textures/T_Wood_Walnut_N.uasset" 531
"../../../../../ProjectGame/Content/StarterContent/Materials/M_Wood_Walnut.uasset" 532
"../../../../../ProjectGame/Content/StarterContent/Architecture/Wall_400x200.uasset" 533
"../../../../../ProjectGame/Content/StarterContent/Architecture/Wall_Door_400x300.uasset" 534
"../../../../../ProjectGame/Content/StarterContent/Architecture/Wall_Window_400x300.uasset" 535
"../../../../../ProjectGame/Content/StarterContent/Audio/Collapse_Cue.uasset" 536
"../../../../../ProjectGame/Content/StarterContent/Audio/Starter_Music_Cue.uasset" 537
"../../../../../ProjectGame/Content/StarterContent/Textures/T_Dust_Particle_D.uasset" 538
"../../../../../ProjectGame/Content/StarterContent/Particles/Materials/M_Dust_Particle.uasset" 539
"../../../../../ProjectGame/Content/StarterContent/Particles/P_Ambient_Dust.uasset" 540
"../../../../../ProjectGame/Content/StarterContent/Props/MaterialSphere.uasset" 541
"../../../../../ProjectGame/Content/StarterContent/Textures/T_Frame_M.uasset" 542
"../../../../../ProjectGame/Content/StarterContent/Textures/T_Frame_N.uasset" 543
"../../../../../ProjectGame/Content/StarterContent/Props/Materials/M_Frame.uasset" 544
"../../../../../ProjectGame/Content/StarterContent/Props/SM_CornerFrame.uasset" 545
"../../../../../ProjectGame/Content/StarterContent/Props/SM_DoorFrame.uasset" 546
"../../../../../ProjectGame/Content/StarterContent/Props/SM_GlassWindow.uasset" 547
"../../../../../ProjectGame/Content/StarterContent/Props/SM_PillarFrame.uasset" 548
"../../../../../ProjectGame/Content/StarterContent/Props/SM_PillarFrame300.uasset" 549
"../../../../../ProjectGame/Content/StarterContent/Props/SM_WindowFrame.uasset" 550
"../../../../../ProjectGame/Content/StarterContent/Shapes/Shape_Cube.uasset" 551
"../../../../../ProjectGame/Content/StarterContent/Shapes/Shape_QuadPyramid.uasset" 552
"../../../../../ProjectGame/Content/StarterContent/Shapes/Shape_Sphere.uasset" 553
"../../../../../ProjectGame/Content/StarterContent/Maps/StarterMap.umap" 554
"../../../Engine/Content/Maps/Entry_BuiltData.uasset" 555
"../../../Engine/Content/Maps/Entry.umap" 556
